347308716080
4789687056
418144812
30226144000
9543784
8724315263496056
56012553568296723
7342972782390
892981538540350
42244839590
657646348428
418052630631
499804233467448
42331697034
71745200118588971
128628756375
61699428
70400736
1051693154064
19625208428
2346448128232068
26554855094557074
32319926
358672478781420
1659142879081024896
855959921877
29568
14708785668855
3892309495
212783186784
1562179437495435
18026339924796418
608650
5949248069
48654042145
40787712811756
2919744
584737566461066736
143542404
227736459742644
3356408
81463901907
143962730
509739048
4536432793661
2485933521
8076637100804
154813836654695
36790
898965
339182129608
217421304792
220944840
354230120
499237788524312250
2214501086912
6093555650
642748840
24796680
66045721762115
13213001802
56692460907357
8424075
61004120
220676381512
187704
405440294018850
23234030067516
281689538
327624925056
46663470
4110394880
103581211089798
1659483144112640
733969194956592
145760
24139900602
46403674005582894
974438088
4756416106860
107136
440275360993248
253
2745557904
10578176
5294434291100244
347119568
6249034
22231327558196
852128914
3099150
4241889707528250
816592
19551
49888796065265100
4862533353854
337777961280
438262020
1037
99707939609834304
938347666830831
100809999086236
2308
13871152
178298999569968
23260204544810860
228569075
4645906471180
1539453756
458450
36
7853044095
42989522320604685
151714290799
1443044377394397
3343371126575984
5312059528940
2825276275840
767827813960376168
1337506728
41149775730
195274308492
73152696317445
4503580366792201331
11953812
9093563678
5276424
16973372182318720
44210342175
10201382045037
423039287502
550200573703269
239993038
112887679566288
285809081233580560
110887413216
19307867628467
143920
52752471
64603152369
550467
226368611397
8411966370
206870478187730
329934464
64321165892
338670
5444136
3831150
3414190512
733218043409255540
1462112711177
2523797616
13452292976435
31399134
664437135
2542455
44124735
26859878663878890
2786388
155817935324526
544002072
38046683454
660537195849
342468019448
84741052890
160386902445
5029146315980
4205153239486924
3082110458
11929647
9669869946
120925318437
342525694117216
69695603447184
2494215365
482387459
18791829556410
442362771720
4494536206454
285395934148819260
15808497785100
210568222
5700
2277346042449
1798744552632
6035104154950178720
18076441900
52937086856
150955798561260
15673516711412780
154784
19462115961054900
148727557668193276
22498281935406
27652
3372199700360
48363544187250
59164500
659590
19858761377
1383931988
17277504
3743465142214
43195758859930
152473787061
298760648059150
2291115
5142084860
3274822154485
292498975825
1384513248440
324260144
27367382444
128025
5638982321700
798
2285899348249600
489524846721
140
304936596864
406273006601
29559
52895257734849
549738
49519318950020712
754707736386
5435397540
1119247734
34216706304
2770906616
41231005
16539310746
144365165
300621585976965
68150556435990
2023763195
23784989904
33049626
1968164469
593022096
525611043449624576
3810018
212039542936
558114277036
93187304
345
4184185464
48515412133388687
246998928
651
6207491023849084
30142489243860
76169585385
3239460
172250
383661448
47950
5122260
3327266118
11320
459218321908
264995770
8389944
1945296
45792
8520309
10718059108768
2437124863520135272
25465255
23041961427905
42029142
4611531600
6110
212
84568289369520
3817751524
6549161651076
2720525
26539062
7257224979
25149386548
1148804676
3346995005472
6383181150
743484
48709806735
71403691279416
5547284256360
999405894
241204348
848911518
50208788256
189161772
14678111053927196
4669544975984
42574268
20468659800
73848719712
66804030
33066306
3062503290975
6366
30306
11909498476878
40987690529144
1604235405044
346712977915848596
946654948160
432
161923196299461170
238863960
1702327962244
408578628175872
25460499923
7238
566823652382879
24628
104091
3231192825
52328185
139462668969
77310
50445800122399
813120
170
8165059
37118894290
51143
1796
252
1453458
11313930931950304
5147747106536
5298527779537625
2629447023996
13829914560
9907505213650
556770623507
9096077250
6263697168
15252250
9806158887170
87581816
68688184
259667332
6895109672260506524
3178428093488
79654653
240545614968
3055692
4536
233894397
5
13033942
177197286486465
218811192201
212
19369440
63566589256968
1006884152
6276848544855
5910716564802
345430800
862458015576564
25663914457810
46230168511345
7364083598775256
466110706
3116320538151390
432607118288992125
6211332
4338
2404652
51048
2509540573356312
2134543500
7616047097232
34312662567456
103684247
366495300
74997
23625
30963600
40320
633216962330
14873142240
5604143994
229143316108500
4678622732
218466714732
689040
120098570844
22343510189032
36862824
20402635378314339465
260991503188
45726499800
61566679939634304
172991532012
3311946480
232242268374
3508851008780
70909058048703988041
31575229
217728011724064449
14619537
506126539755
10982913138
892800
181049693790
104218462853624064
4023
2099071194912640
2646560027506220
5850501274333899
104705303296
55032156
91444422093767046
374304516172
861424620318
1577942316
77562626685174
3892572
162996764800
52216
51879492
73827560805
2589889415750
71135656
6960828244464
457031280
2456634875760
50790114780
178357
383674961979
42840
5553359200
11295710417472
1352
48444814639678116
14520
161944
940976685
57976533596
23977641803131
4959745135292
25755897600384
41392895405152410
36339044426853132
51567698017861980
1098799442
13972
77921864365428220
10546146
55547248060
4989453653730
28362
4353160
1928000269768663994
7062219
9911960622
3198
1412224
6326697322
47471708472696
11369026003
2367883987963
292707492
2148006014
704
3287874793031846
66559912695948
684798590666
1356108768805700
16170120
27644709135
29160
757770430046
28415492031836
2985
61348519
19667688420286998
62386
3791324146304528
5651782769
13314
9996533006504
352008880378389
8461008598084020
27855
10935395629
86236974426384
9885240
1227249319222
328610924404
58461264
17125947986062860
273724390524
7189480
